<?xml version="1.0" encoding="UTF-8"?>
<!-- Generated by org.testng.reporters.JUnitReportReporter -->
<testsuite skipped="2" hostname="AkshayRohankar" name="testCases.LoginPageTest" tests="3" failures="0" timestamp="17 Feb 2019 10:45:16 GMT" time="31.067" errors="0">
  <testcase name="testValidateUnSuccessfullLogin" time="31.067" classname="testCases.LoginPageTest"/>
  <testcase name="testLoginPage" classname="testCases.LoginPageTest">
    <skipped/>
  </testcase> <!-- testLoginPage -->
  <testcase name="testValidateSuccessfullLogin" classname="testCases.LoginPageTest">
    <skipped/>
  </testcase> <!-- testValidateSuccessfullLogin -->
</testsuite> <!-- testCases.LoginPageTest -->
