<?xml version="1.0" encoding="UTF-8"?>
<!-- Generated by org.testng.reporters.JUnitReportReporter -->
<testsuite skipped="0" hostname="Akshay" name="com.qa.testCases.AdminPageTest" tests="1" failures="0" timestamp="03 Aug 2020 10:58:20 GMT" time="21.770" errors="0">
  <testcase name="testAddUserAdminPage" time="21.770" classname="com.qa.testCases.AdminPageTest"/>
</testsuite> <!-- com.qa.testCases.AdminPageTest -->
