<?xml version="1.0" encoding="UTF-8"?>
<!-- Generated by org.testng.reporters.JUnitReportReporter -->
<testsuite skipped="1" hostname="AkshayRohankar" name="testCases.RecruitmentPageTest" tests="2" failures="0" timestamp="21 Apr 2019 08:00:46 GMT" time="28.103" errors="0">
  <testcase name="addCandidates" time="28.103" classname="testCases.RecruitmentPageTest"/>
  <testcase name="searchCandidates" classname="testCases.RecruitmentPageTest">
    <skipped/>
  </testcase> <!-- searchCandidates -->
</testsuite> <!-- testCases.RecruitmentPageTest -->
