<?xml version="1.0" encoding="UTF-8"?>
<!-- Generated by org.testng.reporters.JUnitReportReporter -->
<testsuite skipped="0" hostname="Akshay" name="com.qa.testCases.LoginPageTest" tests="2" failures="0" timestamp="03 Aug 2020 11:07:56 GMT" time="10.138" errors="0">
  <testcase name="testValidateUnSuccessfullLogin" time="10.098" classname="com.qa.testCases.LoginPageTest"/>
  <testcase name="testValidateSuccessfullLogin" time="0.040" classname="com.qa.testCases.LoginPageTest"/>
</testsuite> <!-- com.qa.testCases.LoginPageTest -->
