<?xml version="1.0" encoding="UTF-8"?>
<!-- Generated by org.testng.reporters.JUnitReportReporter -->
<testsuite skipped="0" hostname="Akshay" name="testCases.WindowHandlerTest" tests="2" failures="0" timestamp="24 Apr 2020 04:20:28 GMT" time="22.055" errors="0">
  <testcase name="testLoginPage" time="12.041" classname="testCases.WindowHandlerTest"/>
  <testcase name="HandlerLoginPage" time="10.014" classname="testCases.WindowHandlerTest"/>
</testsuite> <!-- testCases.WindowHandlerTest -->
