<?xml version="1.0" encoding="UTF-8"?>
<!-- Generated by org.testng.reporters.JUnitReportReporter -->
<testsuite skipped="0" hostname="Akshay" name="com.qa.testCases.AdminPageTest" tests="1" failures="0" timestamp="18 Apr 2021 09:36:23 GMT" time="27.759" errors="0">
  <testcase name="testAddUserAdminPage" time="27.759" classname="com.qa.testCases.AdminPageTest"/>
</testsuite> <!-- com.qa.testCases.AdminPageTest -->
