<?xml version="1.0" encoding="UTF-8"?>
<!-- Generated by org.testng.reporters.JUnitReportReporter -->
<testsuite skipped="0" hostname="Akshay" name="testCases.WindowHandlerTest" tests="2" failures="0" timestamp="16 Dec 2019 07:05:30 GMT" time="28.628" errors="0">
  <testcase name="testLoginPage" time="12.067" classname="testCases.WindowHandlerTest"/>
  <testcase name="HandlerLoginPage" time="16.561" classname="testCases.WindowHandlerTest"/>
</testsuite> <!-- testCases.WindowHandlerTest -->
