<?xml version="1.0" encoding="UTF-8"?>
<!-- Generated by org.testng.reporters.JUnitReportReporter -->
<testsuite skipped="0" hostname="Akshay" name="com.qa.testCases.LoginPageWindowHandlerTest" tests="1" failures="0" timestamp="09 Jun 2020 22:29:29 GMT" time="13.861" errors="0">
  <testcase name="HandlerLoginPage" time="13.861" classname="com.qa.testCases.LoginPageWindowHandlerTest"/>
</testsuite> <!-- com.qa.testCases.LoginPageWindowHandlerTest -->
