<?xml version="1.0" encoding="UTF-8"?>
<!-- Generated by org.testng.reporters.JUnitReportReporter -->
<testsuite skipped="0" hostname="Akshay" name="SeleniumSessions.AlertWIndowHandling" tests="1" failures="0" timestamp="09 Jun 2020 16:01:14 GMT" time="13.025" errors="0">
  <testcase name="AlertWIndowHandlingTest" time="13.025" classname="SeleniumSessions.AlertWIndowHandling"/>
</testsuite> <!-- SeleniumSessions.AlertWIndowHandling -->
