<?xml version="1.0" encoding="UTF-8"?>
<!-- Generated by org.testng.reporters.JUnitReportReporter -->
<testsuite skipped="0" hostname="Akshay" name="SeleniumSessions.GoogleSearchText" tests="1" failures="0" timestamp="09 Jun 2020 16:02:35 GMT" time="10.271" errors="0">
  <testcase name="GoogleSearchTextTest" time="10.271" classname="SeleniumSessions.GoogleSearchText"/>
</testsuite> <!-- SeleniumSessions.GoogleSearchText -->
