<?xml version="1.0" encoding="UTF-8"?>
<!-- Generated by org.testng.reporters.JUnitReportReporter -->
<testsuite skipped="0" hostname="AkshayRohankar" name="testCases.RecruitmentPage_VacancyTest" tests="1" failures="0" timestamp="10 Aug 2019 18:58:01 GMT" time="2.419" errors="0">
  <testcase name="AddVacancyTest" time="2.419" classname="testCases.RecruitmentPage_VacancyTest"/>
</testsuite> <!-- testCases.RecruitmentPage_VacancyTest -->
