<?xml version="1.0" encoding="UTF-8"?>
<!-- Generated by org.testng.reporters.JUnitReportReporter -->
<testsuite skipped="1" hostname="Akshay" name="com.qa.testCases.RecruitmentPageTest" tests="2" failures="0" timestamp="18 Apr 2021 09:34:23 GMT" time="7.492" errors="0">
  <testcase name="searchCandidates" time="7.492" classname="com.qa.testCases.RecruitmentPageTest"/>
  <testcase name="addCandidates" classname="com.qa.testCases.RecruitmentPageTest">
    <skipped/>
  </testcase> <!-- addCandidates -->
</testsuite> <!-- com.qa.testCases.RecruitmentPageTest -->
