<?xml version="1.0" encoding="UTF-8"?>
<!-- Generated by org.testng.reporters.JUnitReportReporter -->
<testsuite skipped="0" hostname="AkshayRohankar" name="testCases.RecruitmentPageTest" tests="1" failures="0" timestamp="20 Apr 2019 18:46:21 GMT" time="18.676" errors="0">
  <testcase name="searchCandidates" time="18.676" classname="testCases.RecruitmentPageTest"/>
</testsuite> <!-- testCases.RecruitmentPageTest -->
