<?xml version="1.0" encoding="UTF-8"?>
<!-- Generated by org.testng.reporters.JUnitReportReporter -->
<testsuite skipped="0" hostname="AkshayRohankar" name="testCases.RecruitmentPageTest" tests="1" failures="0" timestamp="20 Apr 2019 14:22:36 GMT" time="16.920" errors="0">
  <testcase name="addCandidates" time="16.920" classname="testCases.RecruitmentPageTest"/>
</testsuite> <!-- testCases.RecruitmentPageTest -->
