<?xml version="1.0" encoding="UTF-8"?>
<!-- Generated by org.testng.reporters.JUnitReportReporter -->
<testsuite skipped="0" hostname="AkshayRohankar" name="testCases.AdminPageTest" tests="1" failures="0" timestamp="17 Feb 2019 12:17:09 GMT" time="16.167" errors="0">
  <testcase name="testAddUserAdminPage" time="16.167" classname="testCases.AdminPageTest"/>
</testsuite> <!-- testCases.AdminPageTest -->
