<?xml version="1.0" encoding="UTF-8"?>
<!-- Generated by org.testng.reporters.JUnitReportReporter -->
<testsuite skipped="0" hostname="Akshay" name="com.qa.basic.DragAndDropConcept" tests="1" failures="0" timestamp="03 Aug 2020 10:47:08 GMT" time="5.403" errors="0">
  <testcase name="DragDropTest" time="5.403" classname="com.qa.basic.DragAndDropConcept"/>
</testsuite> <!-- com.qa.basic.DragAndDropConcept -->
