<?xml version="1.0" encoding="UTF-8"?>
<!-- Generated by org.testng.reporters.JUnitReportReporter -->
<testsuite skipped="0" hostname="Akshay" name="com.qa.testCases.LoginPageTest" tests="2" failures="0" timestamp="18 Apr 2021 09:35:34 GMT" time="10.042" errors="0">
  <testcase name="testValidateSuccessfullLogin" time="0.014" classname="com.qa.testCases.LoginPageTest"/>
  <testcase name="testValidateUnSuccessfullLogin" time="10.028" classname="com.qa.testCases.LoginPageTest"/>
</testsuite> <!-- com.qa.testCases.LoginPageTest -->
