<?xml version="1.0" encoding="UTF-8"?>
<!-- Generated by org.testng.reporters.JUnitReportReporter -->
<testsuite skipped="0" hostname="Akshay" name="com.qa.testCases.LoginPageWindowHandlerTest" tests="1" failures="0" timestamp="18 Apr 2021 09:35:04 GMT" time="8.997" errors="0">
  <testcase name="HandlerLoginPage" time="8.997" classname="com.qa.testCases.LoginPageWindowHandlerTest"/>
</testsuite> <!-- com.qa.testCases.LoginPageWindowHandlerTest -->
