<?xml version="1.0" encoding="UTF-8"?>
<!-- Generated by org.testng.reporters.JUnitReportReporter -->
<testsuite skipped="1" hostname="AkshayRohankar" name="testCases.RecruitmentPageTest" tests="2" failures="0" timestamp="07 Aug 2019 20:26:54 GMT" time="57.342" errors="0">
  <testcase name="addCandidates" time="57.342" classname="testCases.RecruitmentPageTest"/>
  <testcase name="searchCandidates" classname="testCases.RecruitmentPageTest">
    <skipped/>
  </testcase> <!-- searchCandidates -->
</testsuite> <!-- testCases.RecruitmentPageTest -->
