<?xml version="1.0" encoding="UTF-8"?>
<!-- Generated by org.testng.reporters.JUnitReportReporter -->
<testsuite skipped="0" hostname="Akshay" name="com.qa.testCases.AdminPageTest" tests="1" failures="0" timestamp="09 Jun 2020 22:09:41 GMT" time="20.596" errors="0">
  <testcase name="testAddUserAdminPage" time="20.596" classname="com.qa.testCases.AdminPageTest"/>
</testsuite> <!-- com.qa.testCases.AdminPageTest -->
