<?xml version="1.0" encoding="UTF-8"?>
<!-- Generated by org.testng.reporters.JUnitReportReporter -->
<testsuite skipped="0" hostname="Akshay" name="com.qa.testCases.LoginPageTest" tests="3" failures="0" timestamp="09 Jun 2020 22:06:50 GMT" time="49.573" errors="0">
  <testcase name="testValidateUnSuccessfullLogin" time="22.787" classname="com.qa.testCases.LoginPageTest"/>
  <testcase name="testLoginPage" time="14.366" classname="com.qa.testCases.LoginPageTest"/>
  <testcase name="testValidateSuccessfullLogin" time="12.420" classname="com.qa.testCases.LoginPageTest"/>
</testsuite> <!-- com.qa.testCases.LoginPageTest -->
