<?xml version="1.0" encoding="UTF-8"?>
<!-- Generated by org.testng.reporters.JUnitReportReporter -->
<testsuite skipped="0" hostname="Akshay" name="com.qa.testCases.LoginPageWindowHandlerTest" tests="1" failures="0" timestamp="18 Apr 2021 07:43:09 GMT" time="10.794" errors="0">
  <testcase name="HandlerLoginPage" time="10.794" classname="com.qa.testCases.LoginPageWindowHandlerTest"/>
</testsuite> <!-- com.qa.testCases.LoginPageWindowHandlerTest -->
