<?xml version="1.0" encoding="UTF-8"?>
<!-- Generated by org.testng.reporters.JUnitReportReporter -->
<testsuite skipped="0" hostname="Akshay" name="testCases.WindowHandlerTest" tests="2" failures="0" timestamp="26 May 2020 11:15:49 GMT" time="23.216" errors="0">
  <testcase name="testLoginPage" time="13.954" classname="testCases.WindowHandlerTest"/>
  <testcase name="HandlerLoginPage" time="9.262" classname="testCases.WindowHandlerTest"/>
</testsuite> <!-- testCases.WindowHandlerTest -->
