<?xml version="1.0" encoding="UTF-8"?>
<!-- Generated by org.testng.reporters.JUnitReportReporter -->
<testsuite skipped="0" hostname="Akshay" name="com.qa.testCases.RecruitmentPage_VacancyTest" tests="1" failures="0" timestamp="18 Apr 2021 09:36:50 GMT" time="1.620" errors="0">
  <testcase name="AddVacancyTest" time="1.620" classname="com.qa.testCases.RecruitmentPage_VacancyTest"/>
</testsuite> <!-- com.qa.testCases.RecruitmentPage_VacancyTest -->
