<?xml version="1.0" encoding="UTF-8"?>
<!-- Generated by org.testng.reporters.JUnitReportReporter -->
<testsuite skipped="2" hostname="Akshay" name="testCases.LoginPageTest" tests="3" failures="0" timestamp="12 Oct 2019 06:46:39 GMT" time="22.631" errors="0">
  <testcase name="testValidateUnSuccessfullLogin" time="22.631" classname="testCases.LoginPageTest"/>
  <testcase name="testLoginPage" classname="testCases.LoginPageTest">
    <skipped/>
  </testcase> <!-- testLoginPage -->
  <testcase name="testValidateSuccessfullLogin" classname="testCases.LoginPageTest">
    <skipped/>
  </testcase> <!-- testValidateSuccessfullLogin -->
</testsuite> <!-- testCases.LoginPageTest -->
