<?xml version="1.0" encoding="UTF-8"?>
<!-- Generated by org.testng.reporters.JUnitReportReporter -->
<testsuite skipped="0" hostname="Akshay" name="com.qa.testCases.AdminPageTest" tests="1" failures="0" timestamp="24 Aug 2020 19:01:06 GMT" time="29.041" errors="0">
  <testcase name="testAddUserAdminPage" time="29.041" classname="com.qa.testCases.AdminPageTest"/>
</testsuite> <!-- com.qa.testCases.AdminPageTest -->
