<?xml version="1.0" encoding="UTF-8"?>
<!-- Generated by org.testng.reporters.JUnitReportReporter -->
<testsuite skipped="2" hostname="AkshayRohankar" name="testCases.LoginPageTest" tests="3" failures="0" timestamp="30 Mar 2019 04:54:40 GMT" time="23.063" errors="0">
  <testcase name="testValidateUnSuccessfullLogin" time="23.063" classname="testCases.LoginPageTest"/>
  <testcase name="testLoginPage" classname="testCases.LoginPageTest">
    <skipped/>
  </testcase> <!-- testLoginPage -->
  <testcase name="testValidateSuccessfullLogin" classname="testCases.LoginPageTest">
    <skipped/>
  </testcase> <!-- testValidateSuccessfullLogin -->
</testsuite> <!-- testCases.LoginPageTest -->
