<?xml version="1.0" encoding="UTF-8"?>
<!-- Generated by org.testng.reporters.JUnitReportReporter -->
<testsuite skipped="0" hostname="Akshay" name="com.qa.testCases.LoginPageWindowHandlerTest" tests="1" failures="0" timestamp="13 Feb 2021 14:07:56 GMT" time="12.488" errors="0">
  <testcase name="HandlerLoginPage" time="12.488" classname="com.qa.testCases.LoginPageWindowHandlerTest"/>
</testsuite> <!-- com.qa.testCases.LoginPageWindowHandlerTest -->
