<?xml version="1.0" encoding="UTF-8"?>
<!-- Generated by org.testng.reporters.JUnitReportReporter -->
<testsuite skipped="1" hostname="Akshay" name="testCases.RecruitmentPageTest" tests="2" failures="0" timestamp="10 Nov 2019 16:30:01 GMT" time="20.765" errors="0">
  <testcase name="searchCandidates" time="20.765" classname="testCases.RecruitmentPageTest"/>
  <testcase name="addCandidates" classname="testCases.RecruitmentPageTest">
    <skipped/>
  </testcase> <!-- addCandidates -->
</testsuite> <!-- testCases.RecruitmentPageTest -->
