<?xml version="1.0" encoding="UTF-8"?>
<!-- Generated by org.testng.reporters.JUnitReportReporter -->
<testsuite skipped="0" hostname="Akshay" name="testCases.TestingPractice" tests="1" failures="0" timestamp="16 Dec 2019 07:26:12 GMT" time="6.232" errors="0">
  <testcase name="HandlerLoginPage" time="6.232" classname="testCases.TestingPractice"/>
</testsuite> <!-- testCases.TestingPractice -->
