<?xml version="1.0" encoding="UTF-8"?>
<!-- Generated by org.testng.reporters.JUnitReportReporter -->
<testsuite skipped="0" hostname="Akshay" name="com.qa.testCases.WindowHandlerTest" tests="2" failures="0" timestamp="09 Jun 2020 16:54:26 GMT" time="23.010" errors="0">
  <testcase name="testLoginPage" time="14.393" classname="com.qa.testCases.WindowHandlerTest"/>
  <testcase name="HandlerLoginPage" time="8.617" classname="com.qa.testCases.WindowHandlerTest"/>
</testsuite> <!-- com.qa.testCases.WindowHandlerTest -->
