<?xml version="1.0" encoding="UTF-8"?>
<!-- Generated by org.testng.reporters.JUnitReportReporter -->
<testsuite skipped="2" hostname="AkshayRohankar" name="testCases.LoginPageTest" tests="3" failures="0" timestamp="07 Aug 2019 19:38:56 GMT" time="22.997" errors="0">
  <testcase name="testValidateUnSuccessfullLogin" time="22.997" classname="testCases.LoginPageTest"/>
  <testcase name="testLoginPage" classname="testCases.LoginPageTest">
    <skipped/>
  </testcase> <!-- testLoginPage -->
  <testcase name="testValidateSuccessfullLogin" classname="testCases.LoginPageTest">
    <skipped/>
  </testcase> <!-- testValidateSuccessfullLogin -->
</testsuite> <!-- testCases.LoginPageTest -->
