<?xml version="1.0" encoding="UTF-8"?>
<!-- Generated by org.testng.reporters.JUnitReportReporter -->
<testsuite skipped="0" hostname="Akshay" name="com.qa.testCases.AddCandidates_E2E_Test" tests="2" failures="0" timestamp="18 Apr 2021 09:37:56 GMT" time="40.383" errors="0">
  <testcase name="AddVacancyTest" time="5.273" classname="com.qa.testCases.AddCandidates_E2E_Test"/>
  <testcase name="addCandidates" time="35.110" classname="com.qa.testCases.AddCandidates_E2E_Test"/>
</testsuite> <!-- com.qa.testCases.AddCandidates_E2E_Test -->
